<?xml version="1.0" encoding="UTF-8"?>
<!-- Generated by org.testng.reporters.JUnitReportReporter -->
<testsuite skipped="0" hostname="RAGHAVENDRA" name="com.actitime.tests.InvalidLoginTest" tests="1" failures="0" timestamp="23 Jul 2019 12:46:23 GMT" time="61.217" errors="0">
  <testcase name="testInvalidLogin" time="61.217" classname="com.actitime.tests.InvalidLoginTest"/>
</testsuite> <!-- com.actitime.tests.InvalidLoginTest -->
