<?xml version="1.0" encoding="UTF-8"?>
<!-- Generated by org.testng.reporters.JUnitReportReporter -->
<testsuite skipped="0" hostname="RAGHAVENDRA" name="com.actitime.tests.ValidLoginLogoutTest" tests="1" failures="0" timestamp="23 Jul 2019 12:46:23 GMT" time="69.629" errors="0">
  <testcase name="testValidLoginLogout" time="69.629" classname="com.actitime.tests.ValidLoginLogoutTest"/>
</testsuite> <!-- com.actitime.tests.ValidLoginLogoutTest -->
