<?xml version="1.0" encoding="UTF-8"?>
<!-- Generated by org.testng.reporters.JUnitReportReporter -->
<testsuite skipped="0" hostname="RAGHAVENDRA" name="com.actitime.tests.InvalidLoginTest" tests="1" failures="0" timestamp="16 Jan 2020 10:26:24 GMT" time="25.554" errors="0">
  <testcase name="testInvalidLogin" time="25.554" classname="com.actitime.tests.InvalidLoginTest"/>
</testsuite> <!-- com.actitime.tests.InvalidLoginTest -->
