<?xml version="1.0" encoding="UTF-8"?>
<!-- Generated by org.testng.reporters.JUnitReportReporter -->
<testsuite skipped="1" hostname="RAGHAVENDRA" name="com.actitime.tests.VerifyBuildNoTest" tests="1" failures="0" timestamp="27 Aug 2019 07:20:22 GMT" time="0.000" errors="0">
  <testcase name="testVerifyBuildNo" time="0.000" classname="com.actitime.tests.VerifyBuildNoTest">
    <skipped/>
  </testcase> <!-- testVerifyBuildNo -->
</testsuite> <!-- com.actitime.tests.VerifyBuildNoTest -->
